<?xml version="1.0" encoding="UTF-8"?>
<testsuite name="com.mango.karate.ProductsTest" tests="5" skipped="0" failures="0" errors="0" timestamp="2025-10-08T07:08:35" hostname="KYOE-LAPTOP" time="8.148">
  <properties/>
  <testcase name="[1:3] health" classname="com.mango.karate.ProductsTest" time="5.421"/>
  <testcase name="[1:4] products" classname="com.mango.karate.ProductsTest" time="0.418"/>
  <testcase name="[2:18] Attach a price to a product" classname="com.mango.karate.ProductsTest" time="0.317"/>
  <testcase name="[3:46] Attach a price to a product with wrong date range" classname="com.mango.karate.ProductsTest" time="0.239"/>
  <testcase name="[4:73] Get Prices" classname="com.mango.karate.ProductsTest" time="1.65"/>
  <system-out><![CDATA[09:08:27.107 [Test worker] DEBUG org.springframework.test.context.BootstrapUtils - Instantiating CacheAwareContextLoaderDelegate from class [org.springframework.test.context.cache.DefaultCacheAwareContextLoaderDelegate]
09:08:27.119 [Test worker] DEBUG org.springframework.test.context.BootstrapUtils - Instantiating BootstrapContext using constructor [public org.springframework.test.context.support.DefaultBootstrapContext(java.lang.Class,org.springframework.test.context.CacheAwareContextLoaderDelegate)]
09:08:27.167 [Test worker] DEBUG org.springframework.test.context.BootstrapUtils - Instantiating TestContextBootstrapper for test class [com.mango.karate.ProductsTest] from class [org.springframework.boot.test.context.SpringBootTestContextBootstrapper]
09:08:27.183 [Test worker] DEBUG org.springframework.test.context.support.AbstractContextLoader - Did not detect default resource location for test class [com.mango.karate.ProductsTest]: class path resource [com/mango/karate/ProductsTest-context.xml] does not exist
09:08:27.187 [Test worker] DEBUG org.springframework.test.context.support.AbstractContextLoader - Did not detect default resource location for test class [com.mango.karate.ProductsTest]: class path resource [com/mango/karate/ProductsTestContext.groovy] does not exist
09:08:27.187 [Test worker] INFO org.springframework.test.context.support.AbstractContextLoader - Could not detect default resource locations for test class [com.mango.karate.ProductsTest]: no resource found for suffixes {-context.xml, Context.groovy}.
09:08:27.248 [Test worker] DEBUG org.springframework.test.context.support.ActiveProfilesUtils - Could not find an 'annotation declaring class' for annotation type [org.springframework.test.context.ActiveProfiles] and class [com.mango.karate.ProductsTest]
09:08:27.378 [Test worker] DEBUG org.springframework.boot.test.context.SpringBootTestContextBootstrapper - @TestExecutionListeners is not present for class [com.mango.karate.ProductsTest]: using defaults.
09:08:27.378 [Test worker] INFO org.springframework.boot.test.context.SpringBootTestContextBootstrapper - Loaded default TestExecutionListener class names from location [META-INF/spring.factories]: [org.springframework.security.test.context.support.WithSecurityContextTestExecutionListener, org.springframework.security.test.context.support.ReactorContextTestExecutionListener, org.springframework.boot.test.autoconfigure.restdocs.RestDocsTestExecutionListener, org.springframework.boot.test.autoconfigure.web.client.MockRestServiceServerResetTestExecutionListener, org.springframework.boot.test.autoconfigure.web.servlet.MockMvcPrintOnlyOnFailureTestExecutionListener, org.springframework.boot.test.autoconfigure.web.servlet.WebDriverTestExecutionListener, org.springframework.boot.test.autoconfigure.webservices.client.MockWebServiceServerTestExecutionListener, org.springframework.boot.test.mock.mockito.MockitoTestExecutionListener, org.springframework.boot.test.mock.mockito.ResetMocksTestExecutionListener, org.springframework.test.context.web.ServletTestExecutionListener, org.springframework.test.context.support.DirtiesContextBeforeModesTestExecutionListener, org.springframework.test.context.event.ApplicationEventsTestExecutionListener, org.springframework.test.context.support.DependencyInjectionTestExecutionListener, org.springframework.test.context.support.DirtiesContextTestExecutionListener, org.springframework.test.context.transaction.TransactionalTestExecutionListener, org.springframework.test.context.jdbc.SqlScriptsTestExecutionListener, org.springframework.test.context.event.EventPublishingTestExecutionListener]
09:08:27.392 [Test worker] DEBUG org.springframework.boot.test.context.SpringBootTestContextBootstrapper - Skipping candidate TestExecutionListener [org.springframework.test.context.transaction.TransactionalTestExecutionListener] due to a missing dependency. Specify custom listener classes or make the default listener classes and their required dependencies available. Offending class: [org/springframework/transaction/interceptor/TransactionAttributeSource]
09:08:27.392 [Test worker] DEBUG org.springframework.boot.test.context.SpringBootTestContextBootstrapper - Skipping candidate TestExecutionListener [org.springframework.test.context.jdbc.SqlScriptsTestExecutionListener] due to a missing dependency. Specify custom listener classes or make the default listener classes and their required dependencies available. Offending class: [org/springframework/transaction/interceptor/TransactionAttribute]
09:08:27.392 [Test worker] INFO org.springframework.boot.test.context.SpringBootTestContextBootstrapper - Using TestExecutionListeners: [org.springframework.test.context.web.ServletTestExecutionListener@226642a5, org.springframework.test.context.support.DirtiesContextBeforeModesTestExecutionListener@7e809b79, org.springframework.test.context.event.ApplicationEventsTestExecutionListener@5cc126dc, org.springframework.boot.test.mock.mockito.MockitoTestExecutionListener@625e134e, org.springframework.boot.test.autoconfigure.SpringBootDependencyInjectionTestExecutionListener@72bd06ca, org.springframework.test.context.support.DirtiesContextTestExecutionListener@89c10b7, org.springframework.security.test.context.support.WithSecurityContextTestExecutionListener@5dbe30be, org.springframework.test.context.event.EventPublishingTestExecutionListener@4fe89c24, org.springframework.security.test.context.support.ReactorContextTestExecutionListener@55795845, org.springframework.boot.test.autoconfigure.restdocs.RestDocsTestExecutionListener@3d08f3f5, org.springframework.boot.test.autoconfigure.web.client.MockRestServiceServerResetTestExecutionListener@119f1f2a, org.springframework.boot.test.autoconfigure.web.servlet.MockMvcPrintOnlyOnFailureTestExecutionListener@1a1da881, org.springframework.boot.test.autoconfigure.web.servlet.WebDriverTestExecutionListener@5b970f7, org.springframework.boot.test.autoconfigure.webservices.client.MockWebServiceServerTestExecutionListener@7fd4acee, org.springframework.boot.test.mock.mockito.ResetMocksTestExecutionListener@165b8a71]
09:08:27.392 [Test worker] DEBUG org.springframework.test.context.support.AbstractDirtiesContextTestExecutionListener - Before test class: context [DefaultTestContext@4215838f testClass = ProductsTest, testInstance = [null], testMethod = [null], testException = [null], mergedContextConfiguration = [WebMergedContextConfiguration@452ba1db testClass = ProductsTest, locations = '{}', classes = '{class com.mango.products.ProductsApplication}', contextInitializerClasses = '[]', activeProfiles = '{}', propertySourceLocations = '{}', propertySourceProperties = '{org.springframework.boot.test.context.SpringBootTestContextBootstrapper=true}', contextCustomizers = set[org.springframework.boot.test.autoconfigure.actuate.metrics.MetricsExportContextCustomizerFactory$DisableMetricExportContextCustomizer@5d8bafa9, org.springframework.boot.test.autoconfigure.properties.PropertyMappingContextCustomizer@0, org.springframework.boot.test.autoconfigure.web.servlet.WebDriverContextCustomizerFactory$Customizer@305a0c5f, org.springframework.boot.test.context.filter.ExcludeFilterContextCustomizer@4b41e4dd, org.springframework.boot.test.json.DuplicateJsonObjectContextCustomizerFactory$DuplicateJsonObjectContextCustomizer@42721fe, org.springframework.boot.test.mock.mockito.MockitoContextCustomizer@0, org.springframework.boot.test.web.client.TestRestTemplateContextCustomizer@5ccbeb64, org.springframework.boot.test.context.SpringBootTestArgs@1, org.springframework.boot.test.context.SpringBootTestWebEnvironment@2ddc9a9f], resourceBasePath = 'src/main/webapp', contextLoader = 'org.springframework.boot.test.context.SpringBootContextLoader', parent = [null]], attributes = map['org.springframework.test.context.web.ServletTestExecutionListener.activateListener' -> false]], class annotated with @DirtiesContext [false] with mode [null].
09:08:27.404 [Test worker] DEBUG org.springframework.test.context.support.DependencyInjectionTestExecutionListener - Performing dependency injection for test context [[DefaultTestContext@4215838f testClass = ProductsTest, testInstance = com.mango.karate.ProductsTest@495083a0, testMethod = [null], testException = [null], mergedContextConfiguration = [WebMergedContextConfiguration@452ba1db testClass = ProductsTest, locations = '{}', classes = '{class com.mango.products.ProductsApplication}', contextInitializerClasses = '[]', activeProfiles = '{}', propertySourceLocations = '{}', propertySourceProperties = '{org.springframework.boot.test.context.SpringBootTestContextBootstrapper=true}', contextCustomizers = set[org.springframework.boot.test.autoconfigure.actuate.metrics.MetricsExportContextCustomizerFactory$DisableMetricExportContextCustomizer@5d8bafa9, org.springframework.boot.test.autoconfigure.properties.PropertyMappingContextCustomizer@0, org.springframework.boot.test.autoconfigure.web.servlet.WebDriverContextCustomizerFactory$Customizer@305a0c5f, org.springframework.boot.test.context.filter.ExcludeFilterContextCustomizer@4b41e4dd, org.springframework.boot.test.json.DuplicateJsonObjectContextCustomizerFactory$DuplicateJsonObjectContextCustomizer@42721fe, org.springframework.boot.test.mock.mockito.MockitoContextCustomizer@0, org.springframework.boot.test.web.client.TestRestTemplateContextCustomizer@5ccbeb64, org.springframework.boot.test.context.SpringBootTestArgs@1, org.springframework.boot.test.context.SpringBootTestWebEnvironment@2ddc9a9f], resourceBasePath = 'src/main/webapp', contextLoader = 'org.springframework.boot.test.context.SpringBootContextLoader', parent = [null]], attributes = map['org.springframework.test.context.web.ServletTestExecutionListener.activateListener' -> false, 'org.springframework.test.context.event.ApplicationEventsTestExecutionListener.recordApplicationEvents' -> false]]].

  .   ____          _            __ _ _
 /\\ / ___'_ __ _ _(_)_ __  __ _ \ \ \ \
( ( )\___ | '_ | '_| | '_ \/ _` | \ \ \ \
 \\/  ___)| |_)| | | | | || (_| |  ) ) ) )
  '  |____| .__|_| |_|_| |_\__, | / / / /
 =========|_|==============|___/=/_/_/_/
 :: Spring Boot ::                (v2.6.7)

2025-10-08 09:08:27 [Test worker] INFO  com.mango.karate.ProductsTest - Starting ProductsTest using Java 17 on KYOE-LAPTOP with PID 43252 (started by francisco.perez in C:\cygwin64\home\francisco.perez\desarrollo\source\mango\senior-java-tech-challenge)
2025-10-08 09:08:27 [Test worker] INFO  com.mango.karate.ProductsTest - No active profile set, falling back to 1 default profile: "default"
2025-10-08 09:08:29 [Test worker] INFO  o.s.b.w.e.tomcat.TomcatWebServer - Tomcat initialized with port(s): 8080 (http)
2025-10-08 09:08:29 [Test worker] INFO  o.a.catalina.core.StandardService - Starting service [Tomcat]
2025-10-08 09:08:29 [Test worker] INFO  o.a.catalina.core.StandardEngine - Starting Servlet engine: [Apache Tomcat/9.0.62]
2025-10-08 09:08:29 [Test worker] INFO  o.a.c.c.C.[Tomcat].[localhost].[/] - Initializing Spring embedded WebApplicationContext
2025-10-08 09:08:29 [Test worker] INFO  o.s.b.w.s.c.ServletWebServerApplicationContext - Root WebApplicationContext: initialization completed in 1716 ms
2025-10-08 09:08:31 [Test worker] INFO  o.s.b.a.e.web.EndpointLinksResolver - Exposing 13 endpoint(s) beneath base path '/actuator'
2025-10-08 09:08:31 [Test worker] INFO  o.s.b.w.e.tomcat.TomcatWebServer - Tomcat started on port(s): 8080 (http) with context path ''
2025-10-08 09:08:31 [Test worker] INFO  com.mango.karate.ProductsTest - Started ProductsTest in 4.335 seconds (JVM running for 5.647)
2025-10-08 09:08:38 [http-nio-8080-exec-1] INFO  o.a.c.c.C.[Tomcat].[localhost].[/] - Initializing Spring DispatcherServlet 'dispatcherServlet'
2025-10-08 09:08:38 [http-nio-8080-exec-1] INFO  o.s.web.servlet.DispatcherServlet - Initializing Servlet 'dispatcherServlet'
2025-10-08 09:08:38 [http-nio-8080-exec-1] INFO  o.s.web.servlet.DispatcherServlet - Completed initialization in 3 ms
---------------------------------------------------------
feature: classpath:com/mango/karate/health.feature
scenarios:  1 | passed:  1 | failed:  0 | time: 0,8468
---------------------------------------------------------

Karate version: 1.4.1
======================================================
elapsed:   5,98 | threads:    1 | thread time: 0,85 
features:     1 | skipped:    0 | efficiency: 0,14
scenarios:    1 | passed:     1 | failed: 0
======================================================

HTML report: (paste into browser to view) | Karate version: 1.4.1
file:///C:/cygwin64/home/francisco.perez/desarrollo/source/mango/senior-java-tech-challenge/build/karate-reports/karate-summary.html
===================================================================

2025-10-08 09:08:41 [Test worker] INFO  com.intuit.karate - [print] ID del producto: ec8df034-9d96-4f73-99a1-0ad521d4007b 
2025-10-08 09:08:42 [Test worker] INFO  com.intuit.karate - [print] ID del producto: d25fee0a-982b-487f-99cf-bd4d4bdffeb0 
2025-10-08 09:08:42 [http-nio-8080-exec-7] WARN  o.s.w.s.m.s.DefaultHandlerExceptionResolver - Resolved [org.springframework.web.bind.MethodArgumentNotValidException: Validation failed for argument [1] in public org.springframework.http.ResponseEntity<java.lang.Void> com.mango.products.infrastructure.rest.controller.ProductController.addPrice(java.util.UUID,com.mango.products.infrastructure.rest.dto.PriceDto): [Error in object 'priceDto': codes [ValidDateRange.priceDto,ValidDateRange]; arguments [org.springframework.context.support.DefaultMessageSourceResolvable: codes [priceDto.,]; arguments []; default message []]; default message [La fecha de inicio debe ser anterior a la fecha de fin]] ]
---------------------------------------------------------
feature: classpath:com/mango/karate/products.feature
scenarios:  4 | passed:  4 | failed:  0 | time: 1,1003
---------------------------------------------------------

Karate version: 1.4.1
======================================================
elapsed:   2,37 | threads:    1 | thread time: 1,10 
features:     1 | skipped:    0 | efficiency: 0,46
scenarios:    4 | passed:     4 | failed: 0
======================================================

HTML report: (paste into browser to view) | Karate version: 1.4.1
file:///C:/cygwin64/home/francisco.perez/desarrollo/source/mango/senior-java-tech-challenge/build/karate-reports/karate-summary.html
===================================================================

]]></system-out>
  <system-err><![CDATA[]]></system-err>
</testsuite>
